<?xml version="1.0" encoding="UTF-8"?>
<!-- Generated by org.testng.reporters.JUnitXMLReporter -->
<testsuite hostname="DJ6274" name="IETest1" tests="3" failures="0" timestamp="16 Nov 2017 09:58:50 GMT" time="28.367" errors="0">
  <testcase name="verifysum" time="0.524" classname="basicTests.BasicTest"/>
  <testcase name="eldtLogin" time="2.91" classname="eldt.Testcases.orderInquiryPage"/>
  <testcase name="csvFile" time="19.278" classname="eldt.Testcases.orderInquiryPage"/>
</testsuite> <!-- IETest1 -->
