<?xml version="1.0" encoding="UTF-8"?>
<!-- Generated by org.testng.reporters.JUnitXMLReporter -->
<testsuite hostname="DJ6274" name="Default test" tests="2" failures="0" timestamp="18 Oct 2017 10:34:14 GMT" time="0.047" errors="0">
  <testcase name="@BeforeTest launchbrowser" time="0.0" classname="eldt.Testcases.VendorMappingTCs">
    <failure type="org.testng.TestNGException" message="
Parameter &amp;apos;browser&amp;apos; is required by @Configuration on method launchbrowser but has not been marked @Optional or defined
in C:\Users\aiqa0r\AppData\Local\Temp\testng-eclipse-1316373396\testng-customsuite.xml">
      <![CDATA[org.testng.TestNGException: 
Parameter 'browser' is required by @Configuration on method launchbrowser but has not been marked @Optional or defined
in C:\Users\aiqa0r\AppData\Local\Temp\testng-eclipse-1316373396\testng-customsuite.xml
	at org.testng.internal.Parameters.createParameters(Parameters.java:154)
	at org.testng.internal.Parameters.createParameters(Parameters.java:361)
	at org.testng.internal.Parameters.createConfigurationParameters(Parameters.java:84)
	at org.testng.internal.Invoker.invokeConfigurations(Invoker.java:197)
	at org.testng.internal.Invoker.invokeConfigurations(Invoker.java:138)
	at org.testng.TestRunner.beforeRun(TestRunner.java:648)
	at org.testng.TestRunner.run(TestRunner.java:616)
	at org.testng.SuiteRunner.runTest(SuiteRunner.java:359)
	at org.testng.SuiteRunner.runSequentially(SuiteRunner.java:354)
	at org.testng.SuiteRunner.privateRun(SuiteRunner.java:312)
	at org.testng.SuiteRunner.run(SuiteRunner.java:261)
	at org.testng.SuiteRunnerWorker.runSuite(SuiteRunnerWorker.java:52)
	at org.testng.SuiteRunnerWorker.run(SuiteRunnerWorker.java:86)
	at org.testng.TestNG.runSuitesSequentially(TestNG.java:1215)
	at org.testng.TestNG.runSuitesLocally(TestNG.java:1140)
	at org.testng.TestNG.run(TestNG.java:1048)
	at org.testng.remote.AbstractRemoteTestNG.run(AbstractRemoteTestNG.java:126)
	at org.testng.remote.RemoteTestNG.initAndRun(RemoteTestNG.java:152)
	at org.testng.remote.RemoteTestNG.main(RemoteTestNG.java:57)
]]>
    </failure>
  </testcase> <!-- @BeforeTest launchbrowser -->
  <testcase name="@AfterTest closeBrowser" time="0.0" classname="eldt.Testcases.VendorMappingTCs">
    <skipped/>
  </testcase> <!-- @AfterTest closeBrowser -->
  <testcase name="vendorMappingXLS" time="0.016" classname="eldt.Testcases.VendorMappingTCs">
    <skipped/>
  </testcase> <!-- vendorMappingXLS -->
  <testcase name="eldtLogin" time="0.0" classname="eldt.Testcases.VendorMappingTCs">
    <skipped/>
  </testcase> <!-- eldtLogin -->
</testsuite> <!-- Default test -->
